Arguments: 
  /home/yuri/.nvm/versions/node/v10.15.1/bin/node /home/yuri/.nvm/versions/node/v10.15.1/bin/yarn init

PATH: 
  /home/yuri/.sdkman/candidates/kotlin/current/bin:/home/yuri/.nvm/versions/node/v10.15.1/bin:/home/yuri/.local/bin:/usr/local/sbin:/usr/local/bin:/usr/sbin:/usr/bin:/sbin:/bin:/usr/games:/usr/local/games:/snap/bin:/opt/jdk1.8.0_211/bin:/usr/local/swift/usr/bin:/opt/jdk1.8.0_211/bin:/usr/local/swift/usr/bin:/home/yuri/Android/Sdk/tools:/home/yuri/Android/Sdk/platform-tools

Yarn version: 
  1.15.2

Node version: 
  10.15.1

Platform: 
  linux x64

Trace: 
  Error: canceled
      at Interface.<anonymous> (/home/yuri/.nvm/versions/node/v10.15.1/lib/node_modules/yarn/lib/cli.js:125801:13)
      at Interface.emit (events.js:189:13)
      at Interface._ttyWrite (readline.js:783:16)
      at ReadStream.onkeypress (readline.js:168:10)
      at ReadStream.emit (events.js:189:13)
      at emitKeys (internal/readline.js:424:14)
      at emitKeys.next (<anonymous>)
      at ReadStream.onData (readline.js:1022:36)
      at ReadStream.emit (events.js:189:13)
      at addChunk (_stream_readable.js:284:12)

npm manifest: 
  No manifest

yarn manifest: 
  No manifest

Lockfile: 
  No lockfile
